<?xml version="1.0" encoding="UTF-8"?>
<testng-results ignored="5" total="6" passed="1" failed="0" skipped="0">
  <reporter-output>
  </reporter-output>
  <suite started-at="2024-08-19T05:51:02 GMT-06:00" name="Default suite" finished-at="2024-08-19T05:51:15 GMT-06:00" duration-ms="12599">
    <groups>
    </groups>
    <test started-at="2024-08-19T05:51:02 GMT-06:00" name="Default test" finished-at="2024-08-19T05:51:15 GMT-06:00" duration-ms="12599">
      <class name="com.test.logic.LogicClass">
        <test-method is-config="true" signature="setupClass()[pri:0, instance:com.test.logic.LogicClass@6574a52c]" started-at="2024-08-19T05:51:00 GMT-06:00" name="setupClass" finished-at="2024-08-19T05:51:02 GMT-06:00" duration-ms="1945" status="PASS">
          <reporter-output>
          </reporter-output>
        </test-method> <!-- setupClass -->
        <test-method is-config="true" signature="setupTest()[pri:0, instance:com.test.logic.LogicClass@6574a52c]" started-at="2024-08-19T05:51:02 GMT-06:00" name="setupTest" finished-at="2024-08-19T05:51:08 GMT-06:00" duration-ms="6065" status="PASS">
          <reporter-output>
          </reporter-output>
        </test-method> <!-- setupTest -->
        <test-method signature="test1()[pri:0, instance:com.test.logic.LogicClass@6574a52c]" started-at="2024-08-19T05:51:08 GMT-06:00" name="test1" finished-at="2024-08-19T05:51:15 GMT-06:00" duration-ms="6397" status="PASS">
          <reporter-output>
          </reporter-output>
        </test-method> <!-- test1 -->
        <test-method is-config="true" signature="afterTest()[pri:0, instance:com.test.logic.LogicClass@6574a52c]" started-at="2024-08-19T05:51:15 GMT-06:00" name="afterTest" finished-at="2024-08-19T05:51:15 GMT-06:00" duration-ms="1" status="PASS">
          <reporter-output>
          </reporter-output>
        </test-method> <!-- afterTest -->
        <test-method is-config="true" signature="teardown()[pri:0, instance:com.test.logic.LogicClass@6574a52c]" started-at="2024-08-19T05:51:15 GMT-06:00" name="teardown" finished-at="2024-08-19T05:51:17 GMT-06:00" duration-ms="2252" status="PASS">
          <reporter-output>
          </reporter-output>
        </test-method> <!-- teardown -->
      </class> <!-- com.test.logic.LogicClass -->
    </test> <!-- Default test -->
  </suite> <!-- Default suite -->
</testng-results>
