<?xml version="1.0" encoding="UTF-8"?>
<testng-results ignored="0" total="6" passed="6" failed="0" skipped="0">
  <reporter-output>
  </reporter-output>
  <suite started-at="2024-08-19T05:31:06 GMT-06:00" name="Default suite" finished-at="2024-08-19T05:31:41 GMT-06:00" duration-ms="35373">
    <groups>
    </groups>
    <test started-at="2024-08-19T05:31:06 GMT-06:00" name="Default test" finished-at="2024-08-19T05:31:41 GMT-06:00" duration-ms="35373">
      <class name="com.test.logic.LogicClass">
        <test-method is-config="true" signature="setupClass()[pri:0, instance:com.test.logic.LogicClass@2794eab6]" started-at="2024-08-19T05:31:05 GMT-06:00" name="setupClass" finished-at="2024-08-19T05:31:06 GMT-06:00" duration-ms="569" status="PASS">
          <reporter-output>
          </reporter-output>
        </test-method> <!-- setupClass -->
        <test-method is-config="true" signature="setupTest()[pri:0, instance:com.test.logic.LogicClass@2794eab6]" started-at="2024-08-19T05:31:06 GMT-06:00" name="setupTest" finished-at="2024-08-19T05:31:08 GMT-06:00" duration-ms="2691" status="PASS">
          <reporter-output>
          </reporter-output>
        </test-method> <!-- setupTest -->
        <test-method signature="test1()[pri:0, instance:com.test.logic.LogicClass@2794eab6]" started-at="2024-08-19T05:31:08 GMT-06:00" name="test1" finished-at="2024-08-19T05:31:15 GMT-06:00" duration-ms="6016" status="PASS">
          <reporter-output>
          </reporter-output>
        </test-method> <!-- test1 -->
        <test-method signature="test2()[pri:0, instance:com.test.logic.LogicClass@2794eab6]" started-at="2024-08-19T05:31:15 GMT-06:00" name="test2" finished-at="2024-08-19T05:31:20 GMT-06:00" duration-ms="5258" status="PASS">
          <reporter-output>
          </reporter-output>
        </test-method> <!-- test2 -->
        <test-method signature="test3()[pri:0, instance:com.test.logic.LogicClass@2794eab6]" started-at="2024-08-19T05:31:20 GMT-06:00" name="test3" finished-at="2024-08-19T05:31:25 GMT-06:00" duration-ms="5413" status="PASS">
          <reporter-output>
          </reporter-output>
        </test-method> <!-- test3 -->
        <test-method signature="test4()[pri:0, instance:com.test.logic.LogicClass@2794eab6]" started-at="2024-08-19T05:31:25 GMT-06:00" name="test4" finished-at="2024-08-19T05:31:30 GMT-06:00" duration-ms="5220" status="PASS">
          <reporter-output>
          </reporter-output>
        </test-method> <!-- test4 -->
        <test-method signature="test5()[pri:0, instance:com.test.logic.LogicClass@2794eab6]" started-at="2024-08-19T05:31:30 GMT-06:00" name="test5" finished-at="2024-08-19T05:31:36 GMT-06:00" duration-ms="5443" status="PASS">
          <reporter-output>
          </reporter-output>
        </test-method> <!-- test5 -->
        <test-method signature="test6()[pri:0, instance:com.test.logic.LogicClass@2794eab6]" started-at="2024-08-19T05:31:36 GMT-06:00" name="test6" finished-at="2024-08-19T05:31:41 GMT-06:00" duration-ms="5179" status="PASS">
          <reporter-output>
          </reporter-output>
        </test-method> <!-- test6 -->
        <test-method is-config="true" signature="afterTest()[pri:0, instance:com.test.logic.LogicClass@2794eab6]" started-at="2024-08-19T05:31:41 GMT-06:00" name="afterTest" finished-at="2024-08-19T05:31:41 GMT-06:00" duration-ms="1" status="PASS">
          <reporter-output>
          </reporter-output>
        </test-method> <!-- afterTest -->
        <test-method is-config="true" signature="teardown()[pri:0, instance:com.test.logic.LogicClass@2794eab6]" started-at="2024-08-19T05:31:41 GMT-06:00" name="teardown" finished-at="2024-08-19T05:31:42 GMT-06:00" duration-ms="381" status="PASS">
          <reporter-output>
          </reporter-output>
        </test-method> <!-- teardown -->
      </class> <!-- com.test.logic.LogicClass -->
    </test> <!-- Default test -->
  </suite> <!-- Default suite -->
</testng-results>
