<?xml version="1.0" encoding="UTF-8"?>
<!-- Generated by org.testng.reporters.JUnitXMLReporter -->
<testsuite ignored="5" hostname="DESKTOP-A1LSEU8" failures="0" tests="1" name="Default test" time="12.599" errors="0" timestamp="2024-08-19T05:51:15 GMT-06:00">
  <testcase classname="com.test.logic.LogicClass" name="test1" time="6.397"/>
  <testcase classname="com.test.logic.LogicClass" name="test4" time="0.0">
    <ignored/>
  </testcase> <!-- test4 -->
  <testcase classname="com.test.logic.LogicClass" name="test2" time="0.0">
    <ignored/>
  </testcase> <!-- test2 -->
  <testcase classname="com.test.logic.LogicClass" name="test5" time="0.0">
    <ignored/>
  </testcase> <!-- test5 -->
  <testcase classname="com.test.logic.LogicClass" name="test6" time="0.0">
    <ignored/>
  </testcase> <!-- test6 -->
  <testcase classname="com.test.logic.LogicClass" name="test3" time="0.0">
    <ignored/>
  </testcase> <!-- test3 -->
</testsuite> <!-- Default test -->
