<?xml version="1.0" encoding="UTF-8"?>
<!-- Generated by org.testng.reporters.JUnitXMLReporter -->
<testsuite ignored="0" hostname="DESKTOP-A1LSEU8" failures="0" tests="6" name="Default test" time="35.373" errors="0" timestamp="2024-08-19T05:31:41 GMT-06:00">
  <testcase classname="com.test.logic.LogicClass" name="test1" time="6.016"/>
  <testcase classname="com.test.logic.LogicClass" name="test2" time="5.258"/>
  <testcase classname="com.test.logic.LogicClass" name="test3" time="5.413"/>
  <testcase classname="com.test.logic.LogicClass" name="test4" time="5.22"/>
  <testcase classname="com.test.logic.LogicClass" name="test5" time="5.443"/>
  <testcase classname="com.test.logic.LogicClass" name="test6" time="5.179"/>
</testsuite> <!-- Default test -->
