<?xml version="1.0" encoding="UTF-8"?>
<!-- Generated by org.testng.reporters.JUnitXMLReporter -->
<testsuite ignored="0" hostname="DESKTOP-A1LSEU8" failures="0" tests="6" name="Test" time="35.344" errors="0" timestamp="2024-08-19T05:19:47 GMT-06:00">
  <testcase classname="com.test.logic.LogicClass" name="test1" time="5.919"/>
  <testcase classname="com.test.logic.LogicClass" name="test2" time="5.261"/>
  <testcase classname="com.test.logic.LogicClass" name="test3" time="5.436"/>
  <testcase classname="com.test.logic.LogicClass" name="test4" time="5.227"/>
  <testcase classname="com.test.logic.LogicClass" name="test5" time="5.42"/>
  <testcase classname="com.test.logic.LogicClass" name="test6" time="5.168"/>
</testsuite> <!-- Test -->
