<?xml version="1.0" encoding="UTF-8"?>
<!-- Generated by org.testng.reporters.JUnitXMLReporter -->
<testsuite ignored="0" hostname="DESKTOP-A1LSEU8" failures="0" tests="6" name="Test" time="39.112" errors="0" timestamp="2024-08-19T05:47:49 GMT-06:00">
  <testcase classname="com.test.logic.LogicClass" name="test1" time="6.615"/>
  <testcase classname="com.test.logic.LogicClass" name="test2" time="5.362"/>
  <testcase classname="com.test.logic.LogicClass" name="test3" time="5.944"/>
  <testcase classname="com.test.logic.LogicClass" name="test4" time="5.266"/>
  <testcase classname="com.test.logic.LogicClass" name="test5" time="5.531"/>
  <testcase classname="com.test.logic.LogicClass" name="test6" time="5.208"/>
</testsuite> <!-- Test -->
